Started GET "/" for ::1 at 2021-12-30 03:11:32 +0300
  [1m[35m (1.7ms)[0m  [1m[34mSELECT sqlite_version(*)[0m
Processing by Rails::WelcomeController#index as HTML
  Rendering /home/vitaly/.rvm/gems/ruby-3.0.0/gems/railties-7.0.0/lib/rails/templates/rails/welcome/index.html.erb
  Rendered /home/vitaly/.rvm/gems/ruby-3.0.0/gems/railties-7.0.0/lib/rails/templates/rails/welcome/index.html.erb (Duration: 19.2ms | Allocations: 725)
Completed 200 OK in 80ms (Views: 26.7ms | ActiveRecord: 0.0ms | Allocations: 6985)


Started GET "/" for 127.0.0.1 at 2022-01-04 19:18:10 +0300
  [1m[35m (2.6ms)[0m  [1m[34mSELECT sqlite_version(*)[0m
Processing by Rails::WelcomeController#index as HTML
  Rendering /home/vitaly/.rvm/gems/ruby-3.0.0/gems/railties-7.0.0/lib/rails/templates/rails/welcome/index.html.erb
  Rendered /home/vitaly/.rvm/gems/ruby-3.0.0/gems/railties-7.0.0/lib/rails/templates/rails/welcome/index.html.erb (Duration: 13.1ms | Allocations: 621)
Completed 200 OK in 80ms (Views: 39.8ms | ActiveRecord: 0.0ms | Allocations: 5724)


Started GET "/abous" for 127.0.0.1 at 2022-01-04 19:18:23 +0300
  
ActionController::RoutingError (No route matches [GET] "/abous"):
  
Started GET "/" for 127.0.0.1 at 2022-01-10 00:49:51 +0300
  [1m[35m (23.1ms)[0m  [1m[34mSELECT sqlite_version(*)[0m
Processing by Rails::WelcomeController#index as HTML
  Rendering /home/vitaly/.rvm/gems/ruby-3.0.0/gems/railties-7.0.0/lib/rails/templates/rails/welcome/index.html.erb
  Rendered /home/vitaly/.rvm/gems/ruby-3.0.0/gems/railties-7.0.0/lib/rails/templates/rails/welcome/index.html.erb (Duration: 40.1ms | Allocations: 621)
Completed 200 OK in 138ms (Views: 63.1ms | ActiveRecord: 0.0ms | Allocations: 5724)


Started GET "/" for 127.0.0.1 at 2022-01-10 19:33:17 +0300
  [1m[35m (2.7ms)[0m  [1m[34mSELECT sqlite_version(*)[0m
Processing by Rails::WelcomeController#index as HTML
  Rendering /home/vitaly/.rvm/gems/ruby-3.0.0/gems/railties-7.0.0/lib/rails/templates/rails/welcome/index.html.erb
  Rendered /home/vitaly/.rvm/gems/ruby-3.0.0/gems/railties-7.0.0/lib/rails/templates/rails/welcome/index.html.erb (Duration: 13.4ms | Allocations: 621)
Completed 200 OK in 99ms (Views: 45.7ms | ActiveRecord: 0.0ms | Allocations: 5724)


Started GET "/" for 127.0.0.1 at 2022-01-10 19:35:59 +0300
  [1m[35m (0.7ms)[0m  [1m[34mSELECT sqlite_version(*)[0m
Processing by Rails::WelcomeController#index as HTML
  Rendering /home/vitaly/.rvm/gems/ruby-3.0.0/gems/railties-7.0.0/lib/rails/templates/rails/welcome/index.html.erb
  Rendered /home/vitaly/.rvm/gems/ruby-3.0.0/gems/railties-7.0.0/lib/rails/templates/rails/welcome/index.html.erb (Duration: 1.1ms | Allocations: 621)
Completed 200 OK in 8ms (Views: 3.1ms | ActiveRecord: 0.0ms | Allocations: 5724)


